optseq2
$Id: optseq2.c,v 2.14 2008/03/10 13:35:23 nicks Exp $
NoSearch  = 0
nSearch  = 1000
nKeep    = 10
PctUpdate  = 10.000000
nCB1Opt  = 0
seed     = 855650
Ntp  = 512
TR   = 1.5
TPreScan   = 0
PSD Window   = 0 20 0.5
nEvTypes = 10
EvNo    Label Duration nRepsNom
 1      cond1  6.000    8
 2      cond2  6.000    8
 3      cond3  6.000    8
 4      cond4  6.000    8
 5      cond5  6.000    8
 6      cond6  6.000    8
 7      cond7  6.000    8
 8      cond8  6.000    8
 9      cond9  6.000    8
10     cond10  6.000    8
PctVarEvReps = 0
VarEvRepsPerCond = 0
PolyOrder = -1
tNullMax = -1
tNullMin = 0
AR1 = 0
No refractory penalty
Cost = eff
OutStem = simcomp
Summary File = simcomp.sum

Pct nSrch MinSrch Cost Eff Cb1Err VRFAvg VRFStd VRFMin VRFMax VRFRange nSince

BeginUpdateLog
 4      40     0.2   2.54367e-07  2.54367e-07  0.7875  0  0  2.54367e-07  2.54367e-07  0 6507.91 0
15     158     0.9   2.54367e-07  2.54367e-07  0.7875  0  0  2.54367e-07  2.54367e-07  0 6507.91 0
25     309     1.8   0.00139433  0.00139433  0.9075  0  0  0.00139433  0.00139433  0 6459.76 2
25     309     1.8   0.00139433  0.00139433  0.9075  0  0  0.00139433  0.00139433  0 6459.76 0
30     309     1.8   0.00139433  0.00139433  0.9075  0  0  0.00139433  0.00139433  0 6459.76 0
31     319     1.8   0.00139433  0.00139433  0.9075  0  0  0.00139433  0.00139433  0 6459.76 1
31     319     1.8   0.00139433  0.00139433  0.9075  0  0  0.00139433  0.00139433  0 6459.76 0
31     335     1.9   0.00139433  0.00139433  0.9075  0  0  0.00139433  0.00139433  0 6459.76 0
31     335     1.9   0.00139433  0.00139433  0.9075  0  0  0.00139433  0.00139433  0 6459.76 0
35     367     2.1   0.00139433  0.00139433  0.9075  0  0  0.00139433  0.00139433  0 6459.76 1
35     367     2.1   0.00139433  0.00139433  0.9075  0  0  0.00139433  0.00139433  0 6459.76 0
36     423     2.4   0.00139433  0.00139433  0.9075  0  0  0.00139433  0.00139433  0 6459.76 0
36     423     2.4   0.00139433  0.00139433  0.9075  0  0  0.00139433  0.00139433  0 6459.76 0
42     423     2.4   0.00139433  0.00139433  0.9075  0  0  0.00139433  0.00139433  0 6459.76 0
46     474     2.8   0.00139433  0.00139433  0.9075  0  0  0.00139433  0.00139433  0 6459.76 4
46     474     2.8   0.00139433  0.00139433  0.9075  0  0  0.00139433  0.00139433  0 6459.76 0
48     502     2.9   0.00139433  0.00139433  0.9075  0  0  0.00139433  0.00139433  0 6459.76 1
48     502     2.9   0.00139433  0.00139433  0.9075  0  0  0.00139433  0.00139433  0 6459.76 0
50     549     3.2   0.00139433  0.00139433  0.9075  0  0  0.00139433  0.00139433  0 6459.76 0
50     549     3.2   0.00139433  0.00139433  0.9075  0  0  0.00139433  0.00139433  0 6459.76 0
54     549     3.2   0.00139433  0.00139433  0.9075  0  0  0.00139433  0.00139433  0 6459.76 0
57     581     3.4   0.00139433  0.00139433  0.9075  0  0  0.00139433  0.00139433  0 6459.76 2
57     581     3.4   0.00139433  0.00139433  0.9075  0  0  0.00139433  0.00139433  0 6459.76 0
65     656     3.8   0.00139433  0.00139433  0.9075  0  0  0.00139433  0.00139433  0 6459.76 2
69     751     4.4   0.00139433  0.00139433  0.9075  0  0  0.00139433  0.00139433  0 6459.76 3
69     751     4.4   0.00139433  0.00139433  0.9075  0  0  0.00139433  0.00139433  0 6459.76 0
80     801     4.7   0.00139433  0.00139433  0.9075  0  0  0.00139433  0.00139433  0 6459.76 1
80     866     5.1   0.00139433  0.00139433  0.9075  0  0  0.00139433  0.00139433  0 6459.76 1
80     866     5.1   0.00139433  0.00139433  0.9075  0  0  0.00139433  0.00139433  0 6459.76 0
93     934     5.5   0.00139433  0.00139433  0.9075  0  0  0.00139433  0.00139433  0 6459.76 2
93     954     5.6   0.00139433  0.00139433  0.9075  0  0  0.00139433  0.00139433  0 6459.76 2
93     954     5.6   0.00139433  0.00139433  0.9075  0  0  0.00139433  0.00139433  0 6459.76 0
95     959     5.7   0.00139433  0.00139433  0.9075  0  0  0.00139433  0.00139433  0 6459.76 0
95     959     5.7   0.00139433  0.00139433  0.9075  0  0  0.00139433  0.00139433  0 6459.76 0
97     980     5.8   0.00139433  0.00139433  0.9075  0  0  0.00139433  0.00139433  0 6459.76 1
97     980     5.8   0.00139433  0.00139433  0.9075  0  0  0.00139433  0.00139433  0 6459.76 0
98    1000     5.9   0.00139433  0.00139433  0.9075  0  0  0.00139433  0.00139433  0 6459.76 0
EndUpdateLog

Done
